Unity Editor version:    2020.3.19f1 (68f137dc9bbe)
Branch:                  2020.3/staging
Build type:              Release
Batch mode:              YES
macOS version:           Version 12.0.1 (Build 21A559)
Darwin version:          21.1.0
Architecture:            x86_64
Running under Rosetta:   NO
Available memory:        8192 MB
Using pre-set license
Pro License: NO

COMMAND LINE ARGUMENTS:
/Applications/Unity/Hub/Editor/2020.3.19f1/Unity.app/Contents/MacOS/Unity
-adb2
-batchMode
-noUpm
-name
AssetImportWorker0
-projectPath
/Users/naoise/Desktop/Create with code/Moose-B00133135
-logFile
Logs/AssetImportWorker0.log
-srvPort
50272
Successfully changed project path to: /Users/naoise/Desktop/Create with code/Moose-B00133135
/Users/naoise/Desktop/Create with code/Moose-B00133135
Using Asset Import Pipeline V2.
Refreshing native plugins compatible for Editor in 32.20 ms, found 2 plugins.
Preloading 0 native plugins for Editor in 0.00 ms.
Initialize engine version: 2020.3.19f1 (68f137dc9bbe)
[Subsystems] Discovering subsystems at path /Applications/Unity/Hub/Editor/2020.3.19f1/Unity.app/Contents/Resources/UnitySubsystems
[Subsystems] Discovering subsystems at path /Users/naoise/Desktop/Create with code/Moose-B00133135/Assets
GfxDevice: creating device client; threaded=0
2021-11-25 15:46:24.051 Unity[2353:43998] Color LCD preferred device: Intel(R) Iris(TM) Plus Graphics 645 (low power)
2021-11-25 15:46:24.051 Unity[2353:43998] Metal devices available: 1
2021-11-25 15:46:24.051 Unity[2353:43998] 0: Intel(R) Iris(TM) Plus Graphics 645 (low power)
2021-11-25 15:46:24.051 Unity[2353:43998] Using device Intel(R) Iris(TM) Plus Graphics 645 (low power)
Initializing Metal device caps: Intel(R) Iris(TM) Plus Graphics 645
Initialize mono
Mono path[0] = '/Applications/Unity/Hub/Editor/2020.3.19f1/Unity.app/Contents/Managed'
Mono path[1] = '/Applications/Unity/Hub/Editor/2020.3.19f1/Unity.app/Contents/MonoBleedingEdge/lib/mono/unityjit'
Mono config path = '/Applications/Unity/Hub/Editor/2020.3.19f1/Unity.app/Contents/MonoBleedingEdge/etc'
Using monoOptions --debugger-agent=transport=dt_socket,embedding=1,server=y,suspend=n,address=127.0.0.1:56353
Begin MonoManager ReloadAssembly
Registering precompiled unity dll's ...
Register platform support module: /Applications/Unity/Hub/Editor/2020.3.19f1/Unity.app/Contents/PlaybackEngines/MacStandaloneSupport/UnityEditor.OSXStandalone.Extensions.dll
Registered in 0.002673 seconds.
Native extension for OSXStandalone target not found
Refreshing native plugins compatible for Editor in 30.66 ms, found 2 plugins.
Preloading 0 native plugins for Editor in 0.00 ms.
Mono: successfully reloaded assembly
- Completed reload, in  1.952 seconds
Domain Reload Profiling:
	ReloadAssembly (1953ms)
		BeginReloadAssembly (45ms)
			ExecutionOrderSort (0ms)
			DisableScriptedObjects (0ms)
			BackupInstance (0ms)
			ReleaseScriptingObjects (0ms)
			CreateAndSetChildDomain (1ms)
		EndReloadAssembly (484ms)
			LoadAssemblies (45ms)
			RebuildTransferFunctionScriptingTraits (0ms)
			SetupTypeCache (192ms)
			ReleaseScriptCaches (0ms)
			RebuildScriptCaches (40ms)
			SetupLoadedEditorAssemblies (193ms)
				LogAssemblyErrors (0ms)
				InitializePlatformSupportModulesInManaged (4ms)
				SetLoadedEditorAssemblies (0ms)
				RefreshPlugins (31ms)
				BeforeProcessingInitializeOnLoad (9ms)
				ProcessInitializeOnLoadAttributes (114ms)
				ProcessInitializeOnLoadMethodAttributes (36ms)
				AfterProcessingInitializeOnLoad (0ms)
				EditorAssembliesLoaded (0ms)
			ExecutionOrderSort2 (0ms)
			AwakeInstancesAfterBackupRestoration (0ms)
Platform modules already initialized, skipping
Registering precompiled user dll's ...
Registered in 0.006556 seconds.
Begin MonoManager ReloadAssembly
Native extension for OSXStandalone target not found
Refreshing native plugins compatible for Editor in 0.48 ms, found 2 plugins.
Preloading 0 native plugins for Editor in 0.00 ms.
Mono: successfully reloaded assembly
- Completed reload, in  1.183 seconds
Domain Reload Profiling:
	ReloadAssembly (1185ms)
		BeginReloadAssembly (157ms)
			ExecutionOrderSort (0ms)
			DisableScriptedObjects (5ms)
			BackupInstance (0ms)
			ReleaseScriptingObjects (0ms)
			CreateAndSetChildDomain (24ms)
		EndReloadAssembly (955ms)
			LoadAssemblies (101ms)
			RebuildTransferFunctionScriptingTraits (0ms)
			SetupTypeCache (344ms)
			ReleaseScriptCaches (0ms)
			RebuildScriptCaches (54ms)
			SetupLoadedEditorAssemblies (335ms)
				LogAssemblyErrors (0ms)
				InitializePlatformSupportModulesInManaged (6ms)
				SetLoadedEditorAssemblies (1ms)
				RefreshPlugins (1ms)
				BeforeProcessingInitializeOnLoad (58ms)
				ProcessInitializeOnLoadAttributes (263ms)
				ProcessInitializeOnLoadMethodAttributes (5ms)
				AfterProcessingInitializeOnLoad (1ms)
				EditorAssembliesLoaded (0ms)
			ExecutionOrderSort2 (0ms)
			AwakeInstancesAfterBackupRestoration (8ms)
Platform modules already initialized, skipping
Validating Project structure ... 0.006768 seconds.
Shader import version has changed; will reimport all shaders...
Upgrading shader files ...0.022924 seconds.
Application.AssetDatabase Initial Script Refresh Start
RefreshInfo: InitialScriptRefreshV2(NoUpdateAssetOptions) scanfilter:  ... 1 filters
RefreshProfiler: Total: 0.000ms
Application.AssetDatabase Initial Script Refresh End
Application.AssetDatabase.Refresh Start
Application.AssetDatabase.Refresh End
RefreshInfo: StopAssetImportingV2(ForceSynchronousImport) scanfilter: 
RefreshProfiler: Total: 0.000ms
Launching external process: /Applications/Unity/Hub/Editor/2020.3.19f1/Unity.app/Contents/Tools/UnityShaderCompiler
Launched and connected shader compiler UnityShaderCompiler after 0.01 seconds
Initializing Unity extensions:
2021-11-25 15:46:29.818 Unity[2353:43998] NSEventModifierFlagFunction specified to -setKeyEquivalentModifierMask: for item <NSMenuItem: 0x6000039973a0 Font Asset, ke='Command-F12'>, but is only supported for system-provided menu items; will not be used
2021-11-25 15:46:29.821 Unity[2353:43998] NSEventModifierFlagFunction specified to -setKeyEquivalentModifierMask: for item <NSMenuItem: 0x600003986e60 Font Asset, ke='Command-F12'>, but is only supported for system-provided menu items; will not be used
========================================================================
Worker process is ready to serve import requests
Refreshing native plugins compatible for Editor in 0.27 ms, found 2 plugins.
Preloading 0 native plugins for Editor in 0.00 ms.
Unloading 1416 Unused Serialized files (Serialized files now loaded: 0)
System memory in use before: 193.4 MB.
System memory in use after: 192.6 MB.

Unloading 82 unused Assets to reduce memory usage. Loaded Objects now: 1892.
Total: 3.426974 ms (FindLiveObjects: 0.182310 ms CreateObjectMapping: 0.045989 ms MarkObjects: 2.671886 ms  DeleteObjects: 0.525550 ms)

AssetImportParameters requested are different than current active one (requested -> active):
  custom:video-decoder-ogg-theora: a1e56fd34408186e4bbccfd4996cb3dc -> 
  custom:container-muxer-webm: aa71ff27fc2769a1b78a27578f13a17b -> 
  custom:container-demuxer-webm: 4f35f7cbe854078d1ac9338744f61a02 -> 
  custom:container-demuxer-ogg: 62fdf1f143b41e24485cea50d1cbac27 -> 
  custom:video-encoder-webm-vp8: eb34c28f22e8b96e1ab97ce403110664 -> 
  custom:framework-osx-AVFoundation: e770b220cccbd017edd2c1fefb359320 -> 
  custom:video-decoder-webm-vp8: 9c59270c3fd7afecdb556c50c9e8de78 -> 
  custom:audio-decoder-ogg-vorbis: bf7c407c2cedff20999df2af8eb42d56 -> 
  custom:audio-encoder-webm-vorbis: bf7c407c2cedff20999df2af8eb42d56 -> 
========================================================================
Received Import Request.
  path: Assets/Prefabs/Bulldog.prefab
  artifactKey: Guid(79d8f409db17a4eac97acd555a6ffab9) Importer(815301076,1909f56bfc062723c751e8b465ee728b)
Start importing Assets/Prefabs/Bulldog.prefab using Guid(79d8f409db17a4eac97acd555a6ffab9) Importer(815301076,1909f56bfc062723c751e8b465ee728b)  -> (artifact id: '9da51b5fd629b09fc4044aeb96582ec4') in 1.648061 seconds 
  Import took 1.652496 seconds .

========================================================================
Received Import Request.
  Time since last request: 0.509357 seconds.
  path: Assets/Prefabs/farmer1.prefab
  artifactKey: Guid(74d6178a60ed240eca99ef117dcd3c2f) Importer(815301076,1909f56bfc062723c751e8b465ee728b)
Start importing Assets/Prefabs/farmer1.prefab using Guid(74d6178a60ed240eca99ef117dcd3c2f) Importer(815301076,1909f56bfc062723c751e8b465ee728b)  -> (artifact id: '01ca5afbe5aac11526492ae9274f8588') in 0.096297 seconds 
  Import took 0.101524 seconds .

========================================================================
Received Import Request.
  Time since last request: 20.288547 seconds.
  path: Assets/Prefabs/102437__shawshank73__scottstoked-yeehaw.wav
  artifactKey: Guid(d9ed09769b41c4080afa12df26632cc0) Importer(815301076,1909f56bfc062723c751e8b465ee728b)
Start importing Assets/Prefabs/102437__shawshank73__scottstoked-yeehaw.wav using Guid(d9ed09769b41c4080afa12df26632cc0) Importer(815301076,1909f56bfc062723c751e8b465ee728b)  -> (artifact id: '8dec728b667b2401bfbc2fb7032ee3d9') in 1.391157 seconds 
  Import took 1.394415 seconds .

========================================================================
Received Prepare
Registering precompiled user dll's ...
Registered in 0.002292 seconds.
Begin MonoManager ReloadAssembly
Native extension for OSXStandalone target not found
Refreshing native plugins compatible for Editor in 0.36 ms, found 2 plugins.
Preloading 0 native plugins for Editor in 0.00 ms.
2021-11-25 15:47:46.632 Unity[2353:43998] NSEventModifierFlagFunction specified to -setKeyEquivalentModifierMask: for item <NSMenuItem: 0x600003987410 Font Asset, ke='Command-F12'>, but is only supported for system-provided menu items; will not be used
Mono: successfully reloaded assembly
- Completed reload, in  1.127 seconds
Domain Reload Profiling:
	ReloadAssembly (1127ms)
		BeginReloadAssembly (116ms)
			ExecutionOrderSort (0ms)
			DisableScriptedObjects (5ms)
			BackupInstance (0ms)
			ReleaseScriptingObjects (0ms)
			CreateAndSetChildDomain (51ms)
		EndReloadAssembly (943ms)
			LoadAssemblies (75ms)
			RebuildTransferFunctionScriptingTraits (0ms)
			SetupTypeCache (341ms)
			ReleaseScriptCaches (1ms)
			RebuildScriptCaches (53ms)
			SetupLoadedEditorAssemblies (333ms)
				LogAssemblyErrors (0ms)
				InitializePlatformSupportModulesInManaged (5ms)
				SetLoadedEditorAssemblies (1ms)
				RefreshPlugins (0ms)
				BeforeProcessingInitializeOnLoad (93ms)
				ProcessInitializeOnLoadAttributes (228ms)
				ProcessInitializeOnLoadMethodAttributes (4ms)
				AfterProcessingInitializeOnLoad (1ms)
				EditorAssembliesLoaded (0ms)
			ExecutionOrderSort2 (0ms)
			AwakeInstancesAfterBackupRestoration (8ms)
Platform modules already initialized, skipping
Refreshing native plugins compatible for Editor in 0.36 ms, found 2 plugins.
Preloading 0 native plugins for Editor in 0.00 ms.
Unloading 1396 Unused Serialized files (Serialized files now loaded: 0)
System memory in use before: 212.4 MB.
System memory in use after: 212.5 MB.

Unloading 12 unused Assets to reduce memory usage. Loaded Objects now: 1904.
Total: 3.229162 ms (FindLiveObjects: 0.173320 ms CreateObjectMapping: 0.045623 ms MarkObjects: 2.981286 ms  DeleteObjects: 0.027465 ms)

AssetImportParameters requested are different than current active one (requested -> active):
  custom:video-decoder-ogg-theora: a1e56fd34408186e4bbccfd4996cb3dc -> 
  custom:container-muxer-webm: aa71ff27fc2769a1b78a27578f13a17b -> 
  custom:container-demuxer-webm: 4f35f7cbe854078d1ac9338744f61a02 -> 
  custom:container-demuxer-ogg: 62fdf1f143b41e24485cea50d1cbac27 -> 
  custom:video-encoder-webm-vp8: eb34c28f22e8b96e1ab97ce403110664 -> 
  custom:framework-osx-AVFoundation: e770b220cccbd017edd2c1fefb359320 -> 
  custom:video-decoder-webm-vp8: 9c59270c3fd7afecdb556c50c9e8de78 -> 
  custom:audio-decoder-ogg-vorbis: bf7c407c2cedff20999df2af8eb42d56 -> 
  custom:audio-encoder-webm-vorbis: bf7c407c2cedff20999df2af8eb42d56 -> 
========================================================================
Received Prepare
Registering precompiled user dll's ...
Registered in 0.007114 seconds.
Begin MonoManager ReloadAssembly
Native extension for OSXStandalone target not found
Refreshing native plugins compatible for Editor in 0.41 ms, found 2 plugins.
Preloading 0 native plugins for Editor in 0.00 ms.
2021-11-25 15:49:40.277 Unity[2353:43998] NSEventModifierFlagFunction specified to -setKeyEquivalentModifierMask: for item <NSMenuItem: 0x6000039b9110 Font Asset, ke='Command-F12'>, but is only supported for system-provided menu items; will not be used
Mono: successfully reloaded assembly
- Completed reload, in  1.173 seconds
Domain Reload Profiling:
	ReloadAssembly (1184ms)
		BeginReloadAssembly (147ms)
			ExecutionOrderSort (0ms)
			DisableScriptedObjects (7ms)
			BackupInstance (0ms)
			ReleaseScriptingObjects (0ms)
			CreateAndSetChildDomain (69ms)
		EndReloadAssembly (969ms)
			LoadAssemblies (94ms)
			RebuildTransferFunctionScriptingTraits (0ms)
			SetupTypeCache (334ms)
			ReleaseScriptCaches (1ms)
			RebuildScriptCaches (48ms)
			SetupLoadedEditorAssemblies (363ms)
				LogAssemblyErrors (0ms)
				InitializePlatformSupportModulesInManaged (5ms)
				SetLoadedEditorAssemblies (0ms)
				RefreshPlugins (0ms)
				BeforeProcessingInitializeOnLoad (104ms)
				ProcessInitializeOnLoadAttributes (246ms)
				ProcessInitializeOnLoadMethodAttributes (5ms)
				AfterProcessingInitializeOnLoad (2ms)
				EditorAssembliesLoaded (0ms)
			ExecutionOrderSort2 (0ms)
			AwakeInstancesAfterBackupRestoration (8ms)
Platform modules already initialized, skipping
Refreshing native plugins compatible for Editor in 0.40 ms, found 2 plugins.
Preloading 0 native plugins for Editor in 0.00 ms.
Unloading 1396 Unused Serialized files (Serialized files now loaded: 0)
System memory in use before: 212.6 MB.
System memory in use after: 212.7 MB.

Unloading 11 unused Assets to reduce memory usage. Loaded Objects now: 1906.
Total: 3.329250 ms (FindLiveObjects: 0.192931 ms CreateObjectMapping: 0.053743 ms MarkObjects: 3.060520 ms  DeleteObjects: 0.020772 ms)

AssetImportParameters requested are different than current active one (requested -> active):
  custom:video-decoder-ogg-theora: a1e56fd34408186e4bbccfd4996cb3dc -> 
  custom:container-muxer-webm: aa71ff27fc2769a1b78a27578f13a17b -> 
  custom:container-demuxer-webm: 4f35f7cbe854078d1ac9338744f61a02 -> 
  custom:container-demuxer-ogg: 62fdf1f143b41e24485cea50d1cbac27 -> 
  custom:video-encoder-webm-vp8: eb34c28f22e8b96e1ab97ce403110664 -> 
  custom:framework-osx-AVFoundation: e770b220cccbd017edd2c1fefb359320 -> 
  custom:video-decoder-webm-vp8: 9c59270c3fd7afecdb556c50c9e8de78 -> 
  custom:audio-decoder-ogg-vorbis: bf7c407c2cedff20999df2af8eb42d56 -> 
  custom:audio-encoder-webm-vorbis: bf7c407c2cedff20999df2af8eb42d56 -> 
========================================================================
Received Import Request.
  Time since last request: 43175.596069 seconds.
  path: Assets/Scripts/516269__animadierer__tapir-squeak.wav
  artifactKey: Guid(1ac8b3e47a3994849b95a8fc14a1ee3c) Importer(815301076,1909f56bfc062723c751e8b465ee728b)
Start importing Assets/Scripts/516269__animadierer__tapir-squeak.wav using Guid(1ac8b3e47a3994849b95a8fc14a1ee3c) Importer(815301076,1909f56bfc062723c751e8b465ee728b)  -> (artifact id: '0bfbc39a932249c6d374c6a891fd5283') in 0.464460 seconds 
  Import took 0.650841 seconds .

========================================================================
Received Import Request.
  Time since last request: 14.302594 seconds.
  path: Assets/Prefabs/farmer1.prefab
  artifactKey: Guid(74d6178a60ed240eca99ef117dcd3c2f) Importer(815301076,1909f56bfc062723c751e8b465ee728b)
Start importing Assets/Prefabs/farmer1.prefab using Guid(74d6178a60ed240eca99ef117dcd3c2f) Importer(815301076,1909f56bfc062723c751e8b465ee728b)  -> (artifact id: '8c9138a00ac0f73651b6b195bff5608d') in 0.251764 seconds 
  Import took 0.259937 seconds .

========================================================================
Received Import Request.
  Time since last request: 15.698937 seconds.
  path: Assets/SFX/516269__animadierer__tapir-squeak.wav
  artifactKey: Guid(f38978a97873241df8d84527aac1a629) Importer(815301076,1909f56bfc062723c751e8b465ee728b)
Start importing Assets/SFX/516269__animadierer__tapir-squeak.wav using Guid(f38978a97873241df8d84527aac1a629) Importer(815301076,1909f56bfc062723c751e8b465ee728b)  -> (artifact id: '8f2c8d70904c149f3f586fdb684a6ffb') in 0.018961 seconds 
  Import took 0.022022 seconds .

========================================================================
Received Import Request.
  Time since last request: 1467.083623 seconds.
  path: Assets/415079__harrietniamh__video-game-death-sound-effect.wav
  artifactKey: Guid(bc6b0fa3944aa4cb8a56d2de3a25e978) Importer(815301076,1909f56bfc062723c751e8b465ee728b)
Start importing Assets/415079__harrietniamh__video-game-death-sound-effect.wav using Guid(bc6b0fa3944aa4cb8a56d2de3a25e978) Importer(815301076,1909f56bfc062723c751e8b465ee728b)  -> (artifact id: '5238523d3ef07fa9121e99ee57c38198') in 0.107341 seconds 
  Import took 0.133858 seconds .

========================================================================
Received Import Request.
  Time since last request: 146.633868 seconds.
  path: Assets/SFX/cowboy.wav
  artifactKey: Guid(d9ed09769b41c4080afa12df26632cc0) Importer(815301076,1909f56bfc062723c751e8b465ee728b)
Start importing Assets/SFX/cowboy.wav using Guid(d9ed09769b41c4080afa12df26632cc0) Importer(815301076,1909f56bfc062723c751e8b465ee728b)  -> (artifact id: 'feb06e9ba8ed9a55f658ae6406f0d599') in 0.036963 seconds 
  Import took 0.043092 seconds .

========================================================================
Received Import Request.
  Time since last request: 6.351491 seconds.
  path: Assets/SFX/tapir.wav
  artifactKey: Guid(f38978a97873241df8d84527aac1a629) Importer(815301076,1909f56bfc062723c751e8b465ee728b)
Start importing Assets/SFX/tapir.wav using Guid(f38978a97873241df8d84527aac1a629) Importer(815301076,1909f56bfc062723c751e8b465ee728b)  -> (artifact id: 'b89282c46d2bd01a3e84590ececaddb0') in 0.023902 seconds 
  Import took 0.028282 seconds .

========================================================================
Received Import Request.
  Time since last request: 5.524311 seconds.
  path: Assets/SFX/death.wav
  artifactKey: Guid(bc6b0fa3944aa4cb8a56d2de3a25e978) Importer(815301076,1909f56bfc062723c751e8b465ee728b)
Start importing Assets/SFX/death.wav using Guid(bc6b0fa3944aa4cb8a56d2de3a25e978) Importer(815301076,1909f56bfc062723c751e8b465ee728b)  -> (artifact id: '9c425c4a085119801d0f8b221f6bfa79') in 0.022518 seconds 
  Import took 0.026513 seconds .

========================================================================
Received Import Request.
  Time since last request: 3.976346 seconds.
  path: Assets/Prefabs/Player.prefab
  artifactKey: Guid(656d09af17caf452d8a3d5c0bfdd8cf4) Importer(815301076,1909f56bfc062723c751e8b465ee728b)
Start importing Assets/Prefabs/Player.prefab using Guid(656d09af17caf452d8a3d5c0bfdd8cf4) Importer(815301076,1909f56bfc062723c751e8b465ee728b)  -> (artifact id: '3171493db56e2f6c9206ceffeeca8d48') in 0.255284 seconds 
  Import took 0.259569 seconds .

========================================================================
Received Prepare
Registering precompiled user dll's ...
Registered in 0.005541 seconds.
Begin MonoManager ReloadAssembly
Native extension for OSXStandalone target not found
Refreshing native plugins compatible for Editor in 0.37 ms, found 2 plugins.
Preloading 0 native plugins for Editor in 0.00 ms.
2021-11-26 14:54:41.603 Unity[2353:43998] NSEventModifierFlagFunction specified to -setKeyEquivalentModifierMask: for item <NSMenuItem: 0x6000039e7250 Font Asset, ke='Command-F12'>, but is only supported for system-provided menu items; will not be used
Mono: successfully reloaded assembly
- Completed reload, in  1.540 seconds
Domain Reload Profiling:
	ReloadAssembly (1544ms)
		BeginReloadAssembly (355ms)
			ExecutionOrderSort (0ms)
			DisableScriptedObjects (37ms)
			BackupInstance (0ms)
			ReleaseScriptingObjects (0ms)
			CreateAndSetChildDomain (216ms)
		EndReloadAssembly (1102ms)
			LoadAssemblies (125ms)
			RebuildTransferFunctionScriptingTraits (0ms)
			SetupTypeCache (378ms)
			ReleaseScriptCaches (2ms)
			RebuildScriptCaches (53ms)
			SetupLoadedEditorAssemblies (397ms)
				LogAssemblyErrors (0ms)
				InitializePlatformSupportModulesInManaged (9ms)
				SetLoadedEditorAssemblies (1ms)
				RefreshPlugins (0ms)
				BeforeProcessingInitializeOnLoad (119ms)
				ProcessInitializeOnLoadAttributes (261ms)
				ProcessInitializeOnLoadMethodAttributes (5ms)
				AfterProcessingInitializeOnLoad (1ms)
				EditorAssembliesLoaded (0ms)
			ExecutionOrderSort2 (0ms)
			AwakeInstancesAfterBackupRestoration (9ms)
Platform modules already initialized, skipping
Refreshing native plugins compatible for Editor in 0.36 ms, found 2 plugins.
Preloading 0 native plugins for Editor in 0.00 ms.
Unloading 1396 Unused Serialized files (Serialized files now loaded: 0)
System memory in use before: 213.5 MB.
System memory in use after: 213.6 MB.

Unloading 11 unused Assets to reduce memory usage. Loaded Objects now: 1910.
Total: 3.780184 ms (FindLiveObjects: 0.257593 ms CreateObjectMapping: 0.049782 ms MarkObjects: 3.399632 ms  DeleteObjects: 0.071132 ms)

AssetImportParameters requested are different than current active one (requested -> active):
  custom:video-decoder-ogg-theora: a1e56fd34408186e4bbccfd4996cb3dc -> 
  custom:container-muxer-webm: aa71ff27fc2769a1b78a27578f13a17b -> 
  custom:container-demuxer-webm: 4f35f7cbe854078d1ac9338744f61a02 -> 
  custom:container-demuxer-ogg: 62fdf1f143b41e24485cea50d1cbac27 -> 
  custom:video-encoder-webm-vp8: eb34c28f22e8b96e1ab97ce403110664 -> 
  custom:framework-osx-AVFoundation: e770b220cccbd017edd2c1fefb359320 -> 
  custom:video-decoder-webm-vp8: 9c59270c3fd7afecdb556c50c9e8de78 -> 
  custom:audio-decoder-ogg-vorbis: bf7c407c2cedff20999df2af8eb42d56 -> 
  custom:audio-encoder-webm-vorbis: bf7c407c2cedff20999df2af8eb42d56 -> 
========================================================================
Received Import Request.
  Time since last request: 4783.675703 seconds.
  path: Assets/Prefabs/Player.prefab
  artifactKey: Guid(656d09af17caf452d8a3d5c0bfdd8cf4) Importer(815301076,1909f56bfc062723c751e8b465ee728b)
Start importing Assets/Prefabs/Player.prefab using Guid(656d09af17caf452d8a3d5c0bfdd8cf4) Importer(815301076,1909f56bfc062723c751e8b465ee728b)  -> (artifact id: '2616f5d42d09220845a2ca03e79486a0') in 0.415497 seconds 
  Import took 0.443006 seconds .

========================================================================
Received Import Request.
  Time since last request: 24.244161 seconds.
  path: Assets/Prefabs/Bulldog.prefab
  artifactKey: Guid(79d8f409db17a4eac97acd555a6ffab9) Importer(815301076,1909f56bfc062723c751e8b465ee728b)
Start importing Assets/Prefabs/Bulldog.prefab using Guid(79d8f409db17a4eac97acd555a6ffab9) Importer(815301076,1909f56bfc062723c751e8b465ee728b)  -> (artifact id: '86cec1ea09c04398dcbf86f3c07b00f3') in 0.218614 seconds 
  Import took 0.224106 seconds .

========================================================================
Received Import Request.
  Time since last request: 53.877361 seconds.
  path: Assets/SFX/327666__juan-merie-venter__dog-bark.wav
  artifactKey: Guid(7769bb72030d040b3a51e3980164e4a5) Importer(815301076,1909f56bfc062723c751e8b465ee728b)
Start importing Assets/SFX/327666__juan-merie-venter__dog-bark.wav using Guid(7769bb72030d040b3a51e3980164e4a5) Importer(815301076,1909f56bfc062723c751e8b465ee728b)  -> (artifact id: 'f478e10458b0de1a8db994deb867c1e5') in 0.047517 seconds 
  Import took 0.050725 seconds .

========================================================================
Received Import Request.
  Time since last request: 13.390537 seconds.
  path: Assets/SFX/bulldog-bark.wav
  artifactKey: Guid(7769bb72030d040b3a51e3980164e4a5) Importer(815301076,1909f56bfc062723c751e8b465ee728b)
Start importing Assets/SFX/bulldog-bark.wav using Guid(7769bb72030d040b3a51e3980164e4a5) Importer(815301076,1909f56bfc062723c751e8b465ee728b)  -> (artifact id: '907d3f4ea1b738c5e288101e1edbe989') in 0.013008 seconds 
  Import took 0.016220 seconds .

========================================================================
Received Import Request.
  Time since last request: 77.931537 seconds.
  path: Assets/418105__crazymonke9__single-dog-bark-3.wav
  artifactKey: Guid(585f2f380d10643f69c3ce5be30ffe35) Importer(815301076,1909f56bfc062723c751e8b465ee728b)
Start importing Assets/418105__crazymonke9__single-dog-bark-3.wav using Guid(585f2f380d10643f69c3ce5be30ffe35) Importer(815301076,1909f56bfc062723c751e8b465ee728b)  -> (artifact id: '489720f238ea032daf1f63815257a9b2') in 0.021268 seconds 
  Import took 0.025097 seconds .

========================================================================
Received Import Request.
  Time since last request: 10.020735 seconds.
  path: Assets/Prefabs/Bulldog.prefab
  artifactKey: Guid(79d8f409db17a4eac97acd555a6ffab9) Importer(815301076,1909f56bfc062723c751e8b465ee728b)
Start importing Assets/Prefabs/Bulldog.prefab using Guid(79d8f409db17a4eac97acd555a6ffab9) Importer(815301076,1909f56bfc062723c751e8b465ee728b)  -> (artifact id: '30a8448aef5e4e76b637a81e68320cbf') in 0.098795 seconds 
  Import took 0.104490 seconds .

========================================================================
Received Import Request.
  Time since last request: 15.221151 seconds.
  path: Assets/SFX/bernard-bark.wav
  artifactKey: Guid(585f2f380d10643f69c3ce5be30ffe35) Importer(815301076,1909f56bfc062723c751e8b465ee728b)
Start importing Assets/SFX/bernard-bark.wav using Guid(585f2f380d10643f69c3ce5be30ffe35) Importer(815301076,1909f56bfc062723c751e8b465ee728b)  -> (artifact id: 'e10be268874f12e23081051aa0bf0f5f') in 0.017486 seconds 
  Import took 0.020867 seconds .

========================================================================
Received Import Request.
  Time since last request: 72.534529 seconds.
  path: Assets/384188__inspectorj__rooster-crowing-a.wav
  artifactKey: Guid(36e28607e57c1461dbcb0e9e5c0720b2) Importer(815301076,1909f56bfc062723c751e8b465ee728b)
Start importing Assets/384188__inspectorj__rooster-crowing-a.wav using Guid(36e28607e57c1461dbcb0e9e5c0720b2) Importer(815301076,1909f56bfc062723c751e8b465ee728b)  -> (artifact id: 'aeeaa5992b8d2fad74fd5ba9be5765fc') in 0.047398 seconds 
  Import took 0.065152 seconds .

========================================================================
Received Import Request.
  Time since last request: 4.145411 seconds.
  path: Assets/Prefabs/saintBernard.prefab
  artifactKey: Guid(9b69b50525d0941a28b81a4599ce0ab8) Importer(815301076,1909f56bfc062723c751e8b465ee728b)
Start importing Assets/Prefabs/saintBernard.prefab using Guid(9b69b50525d0941a28b81a4599ce0ab8) Importer(815301076,1909f56bfc062723c751e8b465ee728b)  -> (artifact id: 'c66cab5703194d9e6df4f82654e4a02d') in 0.125032 seconds 
  Import took 0.130314 seconds .

========================================================================
Received Import Request.
  Time since last request: 39.643914 seconds.
  path: Assets/SFX/rooster.wav
  artifactKey: Guid(36e28607e57c1461dbcb0e9e5c0720b2) Importer(815301076,1909f56bfc062723c751e8b465ee728b)
Start importing Assets/SFX/rooster.wav using Guid(36e28607e57c1461dbcb0e9e5c0720b2) Importer(815301076,1909f56bfc062723c751e8b465ee728b)  -> (artifact id: 'c8b59c868ae71e1783988a932d0665ef') in 0.021372 seconds 
  Import took 0.024939 seconds .

========================================================================
Received Import Request.
  Time since last request: 11.339785 seconds.
  path: Assets/Prefabs/rooster.prefab
  artifactKey: Guid(3fe3a583fd321465db7551da10ce113a) Importer(815301076,1909f56bfc062723c751e8b465ee728b)
Start importing Assets/Prefabs/rooster.prefab using Guid(3fe3a583fd321465db7551da10ce113a) Importer(815301076,1909f56bfc062723c751e8b465ee728b)  -> (artifact id: '91f2fc988383b06f45cf9e154c2b5035') in 0.048017 seconds 
  Import took 0.052771 seconds .

========================================================================
Received Import Request.
  Time since last request: 2065.193474 seconds.
  path: Assets/SFX/58277__benboncan__cow.wav
  artifactKey: Guid(e64dda05184ff409f87f60f9b18ead9a) Importer(815301076,1909f56bfc062723c751e8b465ee728b)
Start importing Assets/SFX/58277__benboncan__cow.wav using Guid(e64dda05184ff409f87f60f9b18ead9a) Importer(815301076,1909f56bfc062723c751e8b465ee728b)  -> (artifact id: '2770ec1b5b87d8c3633dfb4fed80c245') in 0.070097 seconds 
  Import took 0.094989 seconds .

========================================================================
Received Import Request.
  Time since last request: 6.861159 seconds.
  path: Assets/SFX/moo-cow.wav
  artifactKey: Guid(e64dda05184ff409f87f60f9b18ead9a) Importer(815301076,1909f56bfc062723c751e8b465ee728b)
Start importing Assets/SFX/moo-cow.wav using Guid(e64dda05184ff409f87f60f9b18ead9a) Importer(815301076,1909f56bfc062723c751e8b465ee728b)  -> (artifact id: 'c2c2c7fc2a70d32e866017ea103035e5') in 0.028564 seconds 
  Import took 0.035263 seconds .

========================================================================
Received Import Request.
  Time since last request: 1.977521 seconds.
  path: Assets/Prefabs/rooster.prefab
  artifactKey: Guid(3fe3a583fd321465db7551da10ce113a) Importer(815301076,1909f56bfc062723c751e8b465ee728b)
Start importing Assets/Prefabs/rooster.prefab using Guid(3fe3a583fd321465db7551da10ce113a) Importer(815301076,1909f56bfc062723c751e8b465ee728b)  -> (artifact id: '8702221151eb9fa555111aeb13422855') in 0.038111 seconds 
  Import took 0.041820 seconds .

========================================================================
Received Import Request.
  Time since last request: 6.528299 seconds.
  path: Assets/Prefabs/cow1.prefab
  artifactKey: Guid(6a9f91e3b251243e58ca60b3ad8cbbe6) Importer(815301076,1909f56bfc062723c751e8b465ee728b)
Start importing Assets/Prefabs/cow1.prefab using Guid(6a9f91e3b251243e58ca60b3ad8cbbe6) Importer(815301076,1909f56bfc062723c751e8b465ee728b)  -> (artifact id: '0839b55be16733cbbc44b0b5ffbaa7cd') in 0.061323 seconds 
  Import took 0.066631 seconds .

========================================================================
Received Prepare
Registering precompiled user dll's ...
Registered in 0.005557 seconds.
Begin MonoManager ReloadAssembly
Native extension for OSXStandalone target not found
Refreshing native plugins compatible for Editor in 0.33 ms, found 2 plugins.
Preloading 0 native plugins for Editor in 0.00 ms.
2021-11-26 15:56:49.458 Unity[2353:43998] NSEventModifierFlagFunction specified to -setKeyEquivalentModifierMask: for item <NSMenuItem: 0x6000039e9c70 Font Asset, ke='Command-F12'>, but is only supported for system-provided menu items; will not be used
Mono: successfully reloaded assembly
- Completed reload, in  1.357 seconds
Domain Reload Profiling:
	ReloadAssembly (1359ms)
		BeginReloadAssembly (188ms)
			ExecutionOrderSort (0ms)
			DisableScriptedObjects (12ms)
			BackupInstance (0ms)
			ReleaseScriptingObjects (0ms)
			CreateAndSetChildDomain (102ms)
		EndReloadAssembly (1090ms)
			LoadAssemblies (118ms)
			RebuildTransferFunctionScriptingTraits (0ms)
			SetupTypeCache (376ms)
			ReleaseScriptCaches (1ms)
			RebuildScriptCaches (54ms)
			SetupLoadedEditorAssemblies (385ms)
				LogAssemblyErrors (0ms)
				InitializePlatformSupportModulesInManaged (7ms)
				SetLoadedEditorAssemblies (1ms)
				RefreshPlugins (0ms)
				BeforeProcessingInitializeOnLoad (98ms)
				ProcessInitializeOnLoadAttributes (272ms)
				ProcessInitializeOnLoadMethodAttributes (4ms)
				AfterProcessingInitializeOnLoad (1ms)
				EditorAssembliesLoaded (0ms)
			ExecutionOrderSort2 (0ms)
			AwakeInstancesAfterBackupRestoration (9ms)
Platform modules already initialized, skipping
Refreshing native plugins compatible for Editor in 0.34 ms, found 2 plugins.
Preloading 0 native plugins for Editor in 0.00 ms.
Unloading 1396 Unused Serialized files (Serialized files now loaded: 0)
System memory in use before: 213.7 MB.
System memory in use after: 213.8 MB.

Unloading 11 unused Assets to reduce memory usage. Loaded Objects now: 1913.
Total: 3.481091 ms (FindLiveObjects: 0.261918 ms CreateObjectMapping: 0.047893 ms MarkObjects: 3.114619 ms  DeleteObjects: 0.055062 ms)

AssetImportParameters requested are different than current active one (requested -> active):
  custom:video-decoder-ogg-theora: a1e56fd34408186e4bbccfd4996cb3dc -> 
  custom:container-muxer-webm: aa71ff27fc2769a1b78a27578f13a17b -> 
  custom:container-demuxer-webm: 4f35f7cbe854078d1ac9338744f61a02 -> 
  custom:container-demuxer-ogg: 62fdf1f143b41e24485cea50d1cbac27 -> 
  custom:video-encoder-webm-vp8: eb34c28f22e8b96e1ab97ce403110664 -> 
  custom:framework-osx-AVFoundation: e770b220cccbd017edd2c1fefb359320 -> 
  custom:video-decoder-webm-vp8: 9c59270c3fd7afecdb556c50c9e8de78 -> 
  custom:audio-decoder-ogg-vorbis: bf7c407c2cedff20999df2af8eb42d56 -> 
  custom:audio-encoder-webm-vorbis: bf7c407c2cedff20999df2af8eb42d56 -> 
========================================================================
Received Import Request.
  Time since last request: 1037.416616 seconds.
  path: Assets/Prefabs/cow1.prefab
  artifactKey: Guid(6a9f91e3b251243e58ca60b3ad8cbbe6) Importer(815301076,1909f56bfc062723c751e8b465ee728b)
Start importing Assets/Prefabs/cow1.prefab using Guid(6a9f91e3b251243e58ca60b3ad8cbbe6) Importer(815301076,1909f56bfc062723c751e8b465ee728b)  -> (artifact id: 'a9b92f9832a1cdf3c9e7caa122159bbf') in 0.116601 seconds 
  Import took 0.120806 seconds .

========================================================================
Received Prepare
Registering precompiled user dll's ...
Registered in 0.007049 seconds.
Begin MonoManager ReloadAssembly
Native extension for OSXStandalone target not found
Refreshing native plugins compatible for Editor in 0.35 ms, found 2 plugins.
Preloading 0 native plugins for Editor in 0.00 ms.
2021-11-26 15:57:35.773 Unity[2353:43998] NSEventModifierFlagFunction specified to -setKeyEquivalentModifierMask: for item <NSMenuItem: 0x6000039ebf00 Font Asset, ke='Command-F12'>, but is only supported for system-provided menu items; will not be used
Mono: successfully reloaded assembly
- Completed reload, in  1.197 seconds
Domain Reload Profiling:
	ReloadAssembly (1197ms)
		BeginReloadAssembly (118ms)
			ExecutionOrderSort (0ms)
			DisableScriptedObjects (5ms)
			BackupInstance (0ms)
			ReleaseScriptingObjects (0ms)
			CreateAndSetChildDomain (47ms)
		EndReloadAssembly (1003ms)
			LoadAssemblies (98ms)
			RebuildTransferFunctionScriptingTraits (0ms)
			SetupTypeCache (337ms)
			ReleaseScriptCaches (1ms)
			RebuildScriptCaches (51ms)
			SetupLoadedEditorAssemblies (375ms)
				LogAssemblyErrors (0ms)
				InitializePlatformSupportModulesInManaged (6ms)
				SetLoadedEditorAssemblies (1ms)
				RefreshPlugins (0ms)
				BeforeProcessingInitializeOnLoad (111ms)
				ProcessInitializeOnLoadAttributes (251ms)
				ProcessInitializeOnLoadMethodAttributes (5ms)
				AfterProcessingInitializeOnLoad (1ms)
				EditorAssembliesLoaded (0ms)
			ExecutionOrderSort2 (0ms)
			AwakeInstancesAfterBackupRestoration (8ms)
Platform modules already initialized, skipping
Refreshing native plugins compatible for Editor in 0.36 ms, found 2 plugins.
Preloading 0 native plugins for Editor in 0.00 ms.
Unloading 1396 Unused Serialized files (Serialized files now loaded: 0)
System memory in use before: 213.9 MB.
System memory in use after: 214.0 MB.

Unloading 11 unused Assets to reduce memory usage. Loaded Objects now: 1916.
Total: 3.253776 ms (FindLiveObjects: 0.231571 ms CreateObjectMapping: 0.058950 ms MarkObjects: 2.921473 ms  DeleteObjects: 0.040238 ms)

AssetImportParameters requested are different than current active one (requested -> active):
  custom:video-decoder-ogg-theora: a1e56fd34408186e4bbccfd4996cb3dc -> 
  custom:container-muxer-webm: aa71ff27fc2769a1b78a27578f13a17b -> 
  custom:container-demuxer-webm: 4f35f7cbe854078d1ac9338744f61a02 -> 
  custom:container-demuxer-ogg: 62fdf1f143b41e24485cea50d1cbac27 -> 
  custom:video-encoder-webm-vp8: eb34c28f22e8b96e1ab97ce403110664 -> 
  custom:framework-osx-AVFoundation: e770b220cccbd017edd2c1fefb359320 -> 
  custom:video-decoder-webm-vp8: 9c59270c3fd7afecdb556c50c9e8de78 -> 
  custom:audio-decoder-ogg-vorbis: bf7c407c2cedff20999df2af8eb42d56 -> 
  custom:audio-encoder-webm-vorbis: bf7c407c2cedff20999df2af8eb42d56 -> 
========================================================================
Received Import Request.
  Time since last request: 15.588165 seconds.
  path: Assets/Prefabs/rooster.prefab
  artifactKey: Guid(3fe3a583fd321465db7551da10ce113a) Importer(815301076,1909f56bfc062723c751e8b465ee728b)
Start importing Assets/Prefabs/rooster.prefab using Guid(3fe3a583fd321465db7551da10ce113a) Importer(815301076,1909f56bfc062723c751e8b465ee728b)  -> (artifact id: '253cb15b217d6ea30dcce96546b0cf8b') in 0.084797 seconds 
  Import took 0.089339 seconds .

========================================================================
Received Import Request.
  Time since last request: 1.904290 seconds.
  path: Assets/Prefabs/saintBernard.prefab
  artifactKey: Guid(9b69b50525d0941a28b81a4599ce0ab8) Importer(815301076,1909f56bfc062723c751e8b465ee728b)
Start importing Assets/Prefabs/saintBernard.prefab using Guid(9b69b50525d0941a28b81a4599ce0ab8) Importer(815301076,1909f56bfc062723c751e8b465ee728b)  -> (artifact id: '0f3834e613e3faf8c9329d455a913f99') in 0.096506 seconds 
  Import took 0.101936 seconds .

========================================================================
Received Import Request.
  Time since last request: 36.271195 seconds.
  path: Assets/Prefabs/farmer1.prefab
  artifactKey: Guid(74d6178a60ed240eca99ef117dcd3c2f) Importer(815301076,1909f56bfc062723c751e8b465ee728b)
Start importing Assets/Prefabs/farmer1.prefab using Guid(74d6178a60ed240eca99ef117dcd3c2f) Importer(815301076,1909f56bfc062723c751e8b465ee728b)  -> (artifact id: 'd749b46391a8615f5802ffd6f96e0156') in 0.076086 seconds 
  Import took 0.083184 seconds .

========================================================================
Received Import Request.
  Time since last request: 4.826512 seconds.
  path: Assets/Prefabs/rooster.prefab
  artifactKey: Guid(3fe3a583fd321465db7551da10ce113a) Importer(815301076,1909f56bfc062723c751e8b465ee728b)
Start importing Assets/Prefabs/rooster.prefab using Guid(3fe3a583fd321465db7551da10ce113a) Importer(815301076,1909f56bfc062723c751e8b465ee728b)  -> (artifact id: '22a10d6a48253b85402eb4d47dbd7da3') in 0.032140 seconds 
  Import took 0.038108 seconds .

========================================================================
Received Prepare
Registering precompiled user dll's ...
Registered in 0.002028 seconds.
Begin MonoManager ReloadAssembly
Native extension for OSXStandalone target not found
Refreshing native plugins compatible for Editor in 0.39 ms, found 2 plugins.
Preloading 0 native plugins for Editor in 0.00 ms.
2021-11-26 15:58:27.825 Unity[2353:43998] NSEventModifierFlagFunction specified to -setKeyEquivalentModifierMask: for item <NSMenuItem: 0x6000039e7950 Font Asset, ke='Command-F12'>, but is only supported for system-provided menu items; will not be used
Mono: successfully reloaded assembly
- Completed reload, in  1.270 seconds
Domain Reload Profiling:
	ReloadAssembly (1271ms)
		BeginReloadAssembly (137ms)
			ExecutionOrderSort (0ms)
			DisableScriptedObjects (9ms)
			BackupInstance (0ms)
			ReleaseScriptingObjects (0ms)
			CreateAndSetChildDomain (55ms)
		EndReloadAssembly (1049ms)
			LoadAssemblies (99ms)
			RebuildTransferFunctionScriptingTraits (0ms)
			SetupTypeCache (373ms)
			ReleaseScriptCaches (1ms)
			RebuildScriptCaches (61ms)
			SetupLoadedEditorAssemblies (387ms)
				LogAssemblyErrors (0ms)
				InitializePlatformSupportModulesInManaged (6ms)
				SetLoadedEditorAssemblies (1ms)
				RefreshPlugins (0ms)
				BeforeProcessingInitializeOnLoad (101ms)
				ProcessInitializeOnLoadAttributes (273ms)
				ProcessInitializeOnLoadMethodAttributes (5ms)
				AfterProcessingInitializeOnLoad (2ms)
				EditorAssembliesLoaded (0ms)
			ExecutionOrderSort2 (0ms)
			AwakeInstancesAfterBackupRestoration (8ms)
Platform modules already initialized, skipping
Refreshing native plugins compatible for Editor in 0.35 ms, found 2 plugins.
Preloading 0 native plugins for Editor in 0.00 ms.
Unloading 1396 Unused Serialized files (Serialized files now loaded: 0)
System memory in use before: 214.2 MB.
System memory in use after: 214.3 MB.

Unloading 11 unused Assets to reduce memory usage. Loaded Objects now: 1919.
Total: 3.136685 ms (FindLiveObjects: 0.182123 ms CreateObjectMapping: 0.127170 ms MarkObjects: 2.808723 ms  DeleteObjects: 0.017601 ms)

AssetImportParameters requested are different than current active one (requested -> active):
  custom:video-decoder-ogg-theora: a1e56fd34408186e4bbccfd4996cb3dc -> 
  custom:container-muxer-webm: aa71ff27fc2769a1b78a27578f13a17b -> 
  custom:container-demuxer-webm: 4f35f7cbe854078d1ac9338744f61a02 -> 
  custom:container-demuxer-ogg: 62fdf1f143b41e24485cea50d1cbac27 -> 
  custom:video-encoder-webm-vp8: eb34c28f22e8b96e1ab97ce403110664 -> 
  custom:framework-osx-AVFoundation: e770b220cccbd017edd2c1fefb359320 -> 
  custom:video-decoder-webm-vp8: 9c59270c3fd7afecdb556c50c9e8de78 -> 
  custom:audio-decoder-ogg-vorbis: bf7c407c2cedff20999df2af8eb42d56 -> 
  custom:audio-encoder-webm-vorbis: bf7c407c2cedff20999df2af8eb42d56 -> 
========================================================================
Received Import Request.
  Time since last request: 8.606543 seconds.
  path: Assets/Prefabs/saintBernard.prefab
  artifactKey: Guid(9b69b50525d0941a28b81a4599ce0ab8) Importer(815301076,1909f56bfc062723c751e8b465ee728b)
Start importing Assets/Prefabs/saintBernard.prefab using Guid(9b69b50525d0941a28b81a4599ce0ab8) Importer(815301076,1909f56bfc062723c751e8b465ee728b)  -> (artifact id: 'c45f671014132c1b34cb0192b0355ac0') in 0.100651 seconds 
  Import took 0.104852 seconds .

AssetImportWorkerClient::OnTransportError - code=2 error=End of file
